[19:57:04] [Datafixer Bootstrap/INFO]: 269 Datafixer optimizations took 170 milliseconds
[19:57:07] [Render thread/INFO]: Environment: Environment[sessionHost=https://sessionserver.mojang.com, servicesHost=https://api.minecraftservices.com, name=PROD]
[19:57:07] [Render thread/INFO]: Setting user: su
[19:57:07] [Render thread/INFO]: Backend library: LWJGL version 3.3.3+5
[19:57:08] [Render thread/INFO]: [STDERR]: [LWJGL] [ThreadLocalUtil] Unsupported JNI version detected, this may result in a crash. Please inform LWJGL developers.
[19:57:08] [Render thread/INFO]: Using optional rendering extensions: 
[19:57:08] [Render thread/INFO]: Reloading ResourceManager: vanilla
[19:57:08] [Worker-Main-4/INFO]: Found unifont_all_no_pua-16.0.03.hex, loading
[19:57:08] [Worker-Main-3/INFO]: Found unifont_pua-16.0.03.hex, loading
[19:57:08] [Worker-Main-6/INFO]: Found unifont_jp_patch-16.0.03.hex, loading
[19:57:09] [Download-2/ERROR]: Failed to fetch user properties
com.mojang.authlib.exceptions.InvalidCredentialsException: Status: 401
	at com.mojang.authlib.exceptions.MinecraftClientHttpException.toAuthenticationException(MinecraftClientHttpException.java:59) ~[authlib-6.0.58.jar:?]
	at com.mojang.authlib.yggdrasil.YggdrasilUserApiService.fetchProperties(YggdrasilUserApiService.java:150) ~[authlib-6.0.58.jar:?]
	at fud.bP(SourceFile:463) [1.21.6.jar:?]
	at java.base/java.util.concurrent.CompletableFuture$AsyncSupply.run(CompletableFuture.java:1814) [?:?]
	at java.base/java.util.concurrent.ThreadPoolExecutor.runWorker(ThreadPoolExecutor.java:1095) [?:?]
	at java.base/java.util.concurrent.ThreadPoolExecutor$Worker.run(ThreadPoolExecutor.java:619) [?:?]
	at java.base/java.lang.Thread.run(Thread.java:1447) [?:?]
Caused by: com.mojang.authlib.exceptions.MinecraftClientHttpException: Status: 401
	at com.mojang.authlib.minecraft.client.MinecraftClient.readInputStream(MinecraftClient.java:103) ~[authlib-6.0.58.jar:?]
	at com.mojang.authlib.minecraft.client.MinecraftClient.get(MinecraftClient.java:56) ~[authlib-6.0.58.jar:?]
	at com.mojang.authlib.yggdrasil.YggdrasilUserApiService.fetchProperties(YggdrasilUserApiService.java:121) ~[authlib-6.0.58.jar:?]
	... 5 more
[19:57:09] [Render thread/INFO]: OpenAL initialized on device MacBook Pro扬声器
[19:57:09] [Render thread/INFO]: Sound engine started
[19:57:09] [Render thread/INFO]: Created: 1024x512x4 minecraft:textures/atlas/blocks.png-atlas
[19:57:09] [Render thread/INFO]: Created: 256x256x4 minecraft:textures/atlas/signs.png-atlas
[19:57:09] [Render thread/INFO]: Created: 512x512x4 minecraft:textures/atlas/shield_patterns.png-atlas
[19:57:09] [Render thread/INFO]: Created: 512x512x4 minecraft:textures/atlas/banner_patterns.png-atlas
[19:57:09] [Render thread/INFO]: Created: 2048x1024x4 minecraft:textures/atlas/armor_trims.png-atlas
[19:57:09] [Render thread/INFO]: Created: 128x64x4 minecraft:textures/atlas/decorated_pot.png-atlas
[19:57:09] [Render thread/INFO]: Created: 256x256x4 minecraft:textures/atlas/chest.png-atlas
[19:57:09] [Render thread/INFO]: Created: 512x256x4 minecraft:textures/atlas/shulker_boxes.png-atlas
[19:57:09] [Render thread/INFO]: Created: 512x256x4 minecraft:textures/atlas/beds.png-atlas
[19:57:09] [Render thread/INFO]: Created: 64x64x0 minecraft:textures/atlas/map_decorations.png-atlas
[19:57:09] [Render thread/INFO]: Created: 512x256x0 minecraft:textures/atlas/particles.png-atlas
[19:57:09] [Render thread/INFO]: Created: 512x256x0 minecraft:textures/atlas/paintings.png-atlas
[19:57:09] [Render thread/INFO]: Created: 1024x512x0 minecraft:textures/atlas/gui.png-atlas
[19:57:10] [Download-3/INFO]: Could not authorize you against Realms server: java.lang.RuntimeException: Failed to parse into SignedJWT: --clientId
[19:57:10] [Download-3/ERROR]: Failed to fetch Realms feature flags
fqw: Realms authentication error with message 'java.lang.RuntimeException: Failed to parse into SignedJWT: --clientId'
	at fop.a(SourceFile:538) ~[1.21.6.jar:?]
	at fop.o(SourceFile:191) [1.21.6.jar:?]
	at java.base/java.util.concurrent.CompletableFuture$AsyncSupply.run(CompletableFuture.java:1814) [?:?]
	at java.base/java.util.concurrent.ThreadPoolExecutor.runWorker(ThreadPoolExecutor.java:1095) [?:?]
	at java.base/java.util.concurrent.ThreadPoolExecutor$Worker.run(ThreadPoolExecutor.java:619) [?:?]
	at java.base/java.lang.Thread.run(Thread.java:1447) [?:?]
[19:57:12] [Render thread/INFO]: Stopping!
