[18:45:09] [main/INFO]: ModLauncher running: args [--username, su, --version, 1.21.8, --gameDir, /Users/su/Library/Application Support/SwiftCraftLauncher/profiles/21, --assetsDir, /Users/su/Library/Application Support/SwiftCraftLauncher/meta/assets, --assetIndex, 26, --uuid, EDFFEBAB-00E7-44D4-AE22-119A46315D11, --accessToken, ❄❄❄❄❄❄❄❄, SCL-0.0.1-alpha, --xuid, --userType, msa, --versionType, release, --fml.neoForgeVersion, 21.8.13, --fml.fmlVersion, 9.0.16, --fml.mcVersion, 1.21.8, --fml.neoFormVersion, 20250717.133445, --launchTarget, neoforgeclient]
[18:45:09] [main/INFO]: JVM identified as Azul Systems, Inc. OpenJDK 64-Bit Server VM 24+36
[18:45:09] [main/INFO]: ModLauncher 9.0 starting: java version 24 by Azul Systems, Inc.; OS Mac OS X arch aarch64 version 15.5
[18:45:09] [main/INFO]: Loading ImmediateWindowProvider fmlearlywindow
[18:45:09] [main/WARN]: Failed to set window icon: [0x1000C] Cocoa: Regular windows do not have icons on macOS
[18:45:09] [main/INFO]: SpongePowered MIXIN Subsystem Version=0.8.7 Source=union:/Users/su/Library/Application%20Support/SwiftCraftLauncher/meta/libraries/net/fabricmc/sponge-mixin/0.15.2+mixin.0.8.7/sponge-mixin-0.15.2+mixin.0.8.7.jar%23197!/ Service=ModLauncher Env=CLIENT
[18:45:09] [fml-loadingscreen/INFO]: GL info: Apple M1 Pro GL version 4.1 Metal - 89.4, Apple
[18:45:09] [fml-loadingscreen/WARN]: Failed to find Mojang logo at any of the expected classpath locations.
[18:45:10] [main/INFO]: Found mod file "client-1.21.8-20250717.133445-srg.jar" [locator: production client provider +net.neoforged:neoforge:21.8.13:client]
[18:45:10] [main/INFO]: Found mod file "neoforge-21.8.13-universal.jar" [locator: PathBasedLocator[name=neoforge, paths=[/Users/su/Library/Application Support/SwiftCraftLauncher/meta/libraries/net/neoforged/neoforge/21.8.13/neoforge-21.8.13-universal.jar]], reader: mod manifest]
[18:45:10] [main/INFO]: Found 2 dependencies adding them to mods collection
[18:45:10] [main/INFO]: Found gamelibrary file "mixinextras-neoforge-0.4.1.jar" [parent: neoforge-21.8.13-universal.jar, locator: jarinjar, reader: mod manifest]
[18:45:10] [main/INFO]: Found library file "net.neoforged.neoforge-coremods-21.8.13.jar" [parent: neoforge-21.8.13-universal.jar, locator: jarinjar, reader: mod manifest]
[18:45:10] [main/INFO]: 
     Mod List:
		Name Version (Mod Id)

		Minecraft 1.21.8 (minecraft)
		NeoForge 21.8.13 (neoforge)
[18:45:10] [main/INFO]: Launching target 'neoforgeclient' with arguments [--version, 1.21.8, --gameDir, /Users/su/Library/Application Support/SwiftCraftLauncher/profiles/21, --assetsDir, /Users/su/Library/Application Support/SwiftCraftLauncher/meta/assets, --uuid, EDFFEBAB-00E7-44D4-AE22-119A46315D11, --username, su, --assetIndex, 26, --accessToken, ❄❄❄❄❄❄❄❄, SCL-0.0.1-alpha, --xuid, --userType, msa, --versionType, release]
[257月2025 18:45:11.061] [Datafixer Bootstrap/INFO] [com.mojang.datafixers.DataFixerBuilder/]: 272 Datafixer optimizations took 255 milliseconds
[257月2025 18:45:11.359] [pool-5-thread-1/INFO] [MixinExtras|Service/]: Initializing MixinExtras via com.llamalad7.mixinextras.service.MixinExtrasServiceImpl(version=0.4.1).
[257月2025 18:45:13.976] [modloading-worker-0/INFO] [net.neoforged.neoforge.common.NeoForgeMod/NEOFORGE-MOD]: NeoForge mod loading, version 21.8.13, for MC 1.21.8
[257月2025 18:45:14.189] [main/INFO] [net.minecraft.client.main.Main/]: Completely ignored arguments: [SCL-0.0.1-alpha]
[257月2025 18:45:14.242] [Render thread/WARN] [net.minecraft.server.packs.VanillaPackResourcesBuilder/]: Assets URL 'union:/Users/su/Library/Application%20Support/SwiftCraftLauncher/meta/libraries/net/minecraft/client/1.21.8-20250717.133445/client-1.21.8-20250717.133445-srg.jar%23209!/assets/.mcassetsroot' uses unexpected schema
[257月2025 18:45:14.243] [Render thread/WARN] [net.minecraft.server.packs.VanillaPackResourcesBuilder/]: Assets URL 'union:/Users/su/Library/Application%20Support/SwiftCraftLauncher/meta/libraries/net/minecraft/client/1.21.8-20250717.133445/client-1.21.8-20250717.133445-srg.jar%23209!/data/.mcassetsroot' uses unexpected schema
[257月2025 18:45:14.255] [Render thread/INFO] [com.mojang.authlib.yggdrasil.YggdrasilAuthenticationService/]: Environment: Environment[sessionHost=https://sessionserver.mojang.com, servicesHost=https://api.minecraftservices.com, name=PROD]
[257月2025 18:45:14.259] [Render thread/INFO] [net.minecraft.client.Minecraft/]: Setting user: su
[257月2025 18:45:14.322] [Render thread/INFO] [net.minecraft.client.Minecraft/]: Backend library: LWJGL version 3.3.3+5
[257月2025 18:45:14.592] [Render thread/INFO] [net.minecraft.client.Minecraft/]: Using optional rendering extensions: 
[257月2025 18:45:15.144] [Render thread/INFO] [net.minecraft.server.packs.resources.ReloadableResourceManager/]: Reloading ResourceManager: vanilla, mod_resources, mod/neoforge
[257月2025 18:45:15.198] [Worker-Main-7/INFO] [net.minecraft.client.gui.font.providers.UnihexProvider/]: Found unifont_all_no_pua-16.0.03.hex, loading
[257月2025 18:45:15.198] [Worker-Main-1/INFO] [net.minecraft.client.gui.font.providers.UnihexProvider/]: Found unifont_pua-16.0.03.hex, loading
[257月2025 18:45:15.634] [Worker-Main-7/INFO] [net.minecraft.client.gui.font.providers.UnihexProvider/]: Found unifont_jp_patch-16.0.03.hex, loading
[257月2025 18:45:16.005] [Download-2/ERROR] [net.minecraft.client.Minecraft/]: Failed to fetch user properties
com.mojang.authlib.exceptions.InvalidCredentialsException: Status: 401
	at MC-BOOTSTRAP/authlib@6.0.58/com.mojang.authlib.exceptions.MinecraftClientHttpException.toAuthenticationException(MinecraftClientHttpException.java:59) ~[authlib-6.0.58.jar%23121!/:?]
	at MC-BOOTSTRAP/authlib@6.0.58/com.mojang.authlib.yggdrasil.YggdrasilUserApiService.fetchProperties(YggdrasilUserApiService.java:150) ~[authlib-6.0.58.jar%23121!/:?]
	at TRANSFORMER/minecraft@1.21.8/net.minecraft.client.Minecraft.lambda$new$1(Minecraft.java:435) [client-1.21.8-20250717.133445-srg.jar%23209!/:?]
	at java.base/java.util.concurrent.CompletableFuture$AsyncSupply.run(CompletableFuture.java:1814) [?:?]
	at java.base/java.util.concurrent.ThreadPoolExecutor.runWorker(ThreadPoolExecutor.java:1095) [?:?]
	at java.base/java.util.concurrent.ThreadPoolExecutor$Worker.run(ThreadPoolExecutor.java:619) [?:?]
	at java.base/java.lang.Thread.run(Thread.java:1447) [?:?]
Caused by: com.mojang.authlib.exceptions.MinecraftClientHttpException: Status: 401
	at MC-BOOTSTRAP/authlib@6.0.58/com.mojang.authlib.minecraft.client.MinecraftClient.readInputStream(MinecraftClient.java:103) ~[authlib-6.0.58.jar%23121!/:?]
	at MC-BOOTSTRAP/authlib@6.0.58/com.mojang.authlib.minecraft.client.MinecraftClient.get(MinecraftClient.java:56) ~[authlib-6.0.58.jar%23121!/:?]
	at MC-BOOTSTRAP/authlib@6.0.58/com.mojang.authlib.yggdrasil.YggdrasilUserApiService.fetchProperties(YggdrasilUserApiService.java:121) ~[authlib-6.0.58.jar%23121!/:?]
	... 5 more
[257月2025 18:45:16.213] [Render thread/INFO] [com.mojang.blaze3d.opengl.GlProgram/]: Info log when linking program containing VS minecraft:core/entity and FS minecraft:core/entity. Log output: WARNING: Output of vertex shader 'overlayColor' not read by fragment shader

[257月2025 18:45:16.222] [Render thread/INFO] [com.mojang.blaze3d.opengl.GlProgram/]: Info log when linking program containing VS minecraft:core/entity and FS minecraft:core/entity. Log output: WARNING: Could not find vertex shader attribute 'Normal' to match BindAttributeLocation request.
WARNING: Could not find vertex shader attribute 'UV2' to match BindAttributeLocation request.
WARNING: Output of vertex shader 'overlayColor' not read by fragment shader

[257月2025 18:45:16.229] [Render thread/INFO] [com.mojang.blaze3d.opengl.GlProgram/]: Info log when linking program containing VS minecraft:core/entity and FS minecraft:core/entity. Log output: WARNING: Could not find vertex shader attribute 'Normal' to match BindAttributeLocation request.

[257月2025 18:45:16.234] [Render thread/INFO] [com.mojang.blaze3d.opengl.GlProgram/]: Info log when linking program containing VS minecraft:core/entity and FS minecraft:core/entity. Log output: WARNING: Output of vertex shader 'overlayColor' not read by fragment shader

[257月2025 18:45:16.240] [Render thread/INFO] [com.mojang.blaze3d.opengl.GlProgram/]: Info log when linking program containing VS minecraft:core/rendertype_text_background_see_through and FS minecraft:core/rendertype_text_background_see_through. Log output: WARNING: Could not find vertex shader attribute 'UV2' to match BindAttributeLocation request.

[257月2025 18:45:16.243] [Render thread/INFO] [com.mojang.blaze3d.opengl.GlProgram/]: Info log when linking program containing VS minecraft:core/rendertype_text_see_through and FS minecraft:core/rendertype_text_see_through. Log output: WARNING: Could not find vertex shader attribute 'UV2' to match BindAttributeLocation request.

[257月2025 18:45:16.245] [Render thread/INFO] [com.mojang.blaze3d.opengl.GlProgram/]: Info log when linking program containing VS minecraft:core/terrain and FS minecraft:core/terrain. Log output: WARNING: Could not find vertex shader attribute 'Normal' to match BindAttributeLocation request.

[257月2025 18:45:16.248] [Render thread/INFO] [com.mojang.blaze3d.opengl.GlProgram/]: Info log when linking program containing VS minecraft:core/rendertype_translucent_moving_block and FS minecraft:core/rendertype_translucent_moving_block. Log output: WARNING: Could not find vertex shader attribute 'Normal' to match BindAttributeLocation request.

[257月2025 18:45:16.251] [Render thread/INFO] [com.mojang.blaze3d.opengl.GlProgram/]: Info log when linking program containing VS minecraft:core/rendertype_entity_shadow and FS minecraft:core/rendertype_entity_shadow. Log output: WARNING: Could not find vertex shader attribute 'UV1' to match BindAttributeLocation request.
WARNING: Could not find vertex shader attribute 'Normal' to match BindAttributeLocation request.
WARNING: Could not find vertex shader attribute 'UV2' to match BindAttributeLocation request.

[257月2025 18:45:16.253] [Render thread/INFO] [com.mojang.blaze3d.opengl.GlProgram/]: Info log when linking program containing VS minecraft:core/rendertype_entity_alpha and FS minecraft:core/rendertype_entity_alpha. Log output: WARNING: Could not find vertex shader attribute 'Normal' to match BindAttributeLocation request.
WARNING: Output of vertex shader 'texCoord1' not read by fragment shader
WARNING: Output of vertex shader 'texCoord2' not read by fragment shader

[257月2025 18:45:16.257] [Render thread/INFO] [com.mojang.blaze3d.opengl.GlProgram/]: Info log when linking program containing VS minecraft:core/entity and FS minecraft:core/entity. Log output: WARNING: Could not find vertex shader attribute 'Normal' to match BindAttributeLocation request.
WARNING: Could not find vertex shader attribute 'UV2' to match BindAttributeLocation request.
WARNING: Output of vertex shader 'overlayColor' not read by fragment shader

[257月2025 18:45:16.263] [Render thread/INFO] [com.mojang.blaze3d.opengl.GlProgram/]: Info log when linking program containing VS minecraft:core/rendertype_beacon_beam and FS minecraft:core/rendertype_beacon_beam. Log output: WARNING: Could not find vertex shader attribute 'Normal' to match BindAttributeLocation request.
WARNING: Could not find vertex shader attribute 'UV2' to match BindAttributeLocation request.

[257月2025 18:45:16.269] [Render thread/INFO] [com.mojang.blaze3d.opengl.GlProgram/]: Info log when linking program containing VS minecraft:core/terrain and FS minecraft:core/terrain. Log output: WARNING: Could not find vertex shader attribute 'Normal' to match BindAttributeLocation request.

[257月2025 18:45:16.277] [Render thread/INFO] [com.mojang.blaze3d.opengl.GlProgram/]: Info log when linking program containing VS minecraft:core/rendertype_text_intensity_see_through and FS minecraft:core/rendertype_text_intensity_see_through. Log output: WARNING: Could not find vertex shader attribute 'UV2' to match BindAttributeLocation request.

[257月2025 18:45:16.281] [Render thread/INFO] [com.mojang.blaze3d.opengl.GlProgram/]: Info log when linking program containing VS minecraft:core/rendertype_item_entity_translucent_cull and FS minecraft:core/rendertype_item_entity_translucent_cull. Log output: WARNING: Output of vertex shader 'texCoord1' not read by fragment shader
WARNING: Output of vertex shader 'texCoord2' not read by fragment shader

[257月2025 18:45:16.286] [Render thread/INFO] [com.mojang.blaze3d.opengl.GlProgram/]: Info log when linking program containing VS minecraft:core/entity and FS minecraft:core/entity. Log output: WARNING: Could not find vertex shader attribute 'UV2' to match BindAttributeLocation request.

[257月2025 18:45:16.291] [Render thread/INFO] [com.mojang.blaze3d.opengl.GlProgram/]: Info log when linking program containing VS minecraft:core/terrain and FS minecraft:core/terrain. Log output: WARNING: Could not find vertex shader attribute 'Normal' to match BindAttributeLocation request.

[257月2025 18:45:16.294] [Render thread/INFO] [com.mojang.blaze3d.opengl.GlProgram/]: Info log when linking program containing VS minecraft:core/entity and FS minecraft:core/entity. Log output: WARNING: Output of vertex shader 'overlayColor' not read by fragment shader

[257月2025 18:45:16.296] [Render thread/INFO] [com.mojang.blaze3d.opengl.GlProgram/]: Info log when linking program containing VS minecraft:core/terrain and FS minecraft:core/terrain. Log output: WARNING: Could not find vertex shader attribute 'Normal' to match BindAttributeLocation request.

[257月2025 18:45:16.297] [Render thread/INFO] [com.mojang.blaze3d.opengl.GlProgram/]: Info log when linking program containing VS minecraft:core/rendertype_beacon_beam and FS minecraft:core/rendertype_beacon_beam. Log output: WARNING: Could not find vertex shader attribute 'Normal' to match BindAttributeLocation request.
WARNING: Could not find vertex shader attribute 'UV2' to match BindAttributeLocation request.

[257月2025 18:45:16.300] [Render thread/INFO] [com.mojang.blaze3d.opengl.GlProgram/]: Info log when linking program containing VS minecraft:core/terrain and FS minecraft:core/terrain. Log output: WARNING: Could not find vertex shader attribute 'Normal' to match BindAttributeLocation request.

[257月2025 18:45:16.301] [Render thread/INFO] [com.mojang.blaze3d.opengl.GlProgram/]: Info log when linking program containing VS minecraft:core/terrain and FS minecraft:core/terrain. Log output: WARNING: Could not find vertex shader attribute 'Normal' to match BindAttributeLocation request.

[257月2025 18:45:16.306] [Render thread/INFO] [com.mojang.blaze3d.opengl.GlProgram/]: Info log when linking program containing VS minecraft:core/rendertype_crumbling and FS minecraft:core/rendertype_crumbling. Log output: WARNING: Could not find vertex shader attribute 'Normal' to match BindAttributeLocation request.
WARNING: Output of vertex shader 'texCoord2' not read by fragment shader

[257月2025 18:45:16.309] [Render thread/INFO] [com.mojang.blaze3d.opengl.GlProgram/]: Info log when linking program containing VS minecraft:core/entity and FS minecraft:core/entity. Log output: WARNING: Could not find vertex shader attribute 'Normal' to match BindAttributeLocation request.
WARNING: Output of vertex shader 'overlayColor' not read by fragment shader

[257月2025 18:45:16.314] [Render thread/INFO] [com.mojang.blaze3d.opengl.GlProgram/]: Info log when linking program containing VS minecraft:core/entity and FS minecraft:core/entity. Log output: WARNING: Output of vertex shader 'overlayColor' not read by fragment shader

[257月2025 18:45:16.341] [Render thread/INFO] [com.mojang.blaze3d.audio.Library/]: OpenAL initialized on device MacBook Pro扬声器
[257月2025 18:45:16.343] [Render thread/INFO] [net.minecraft.client.sounds.SoundEngine/SOUNDS]: Sound engine started
[257月2025 18:45:16.397] [Render thread/INFO] [net.minecraft.client.renderer.texture.TextureAtlas/]: Created: 1024x512x4 minecraft:textures/atlas/blocks.png-atlas
[257月2025 18:45:16.407] [Render thread/INFO] [net.minecraft.client.renderer.texture.TextureAtlas/]: Created: 256x256x4 minecraft:textures/atlas/signs.png-atlas
[257月2025 18:45:16.408] [Render thread/INFO] [net.minecraft.client.renderer.texture.TextureAtlas/]: Created: 512x512x4 minecraft:textures/atlas/shield_patterns.png-atlas
[257月2025 18:45:16.408] [Render thread/INFO] [net.minecraft.client.renderer.texture.TextureAtlas/]: Created: 512x512x4 minecraft:textures/atlas/banner_patterns.png-atlas
[257月2025 18:45:16.409] [Render thread/INFO] [net.minecraft.client.renderer.texture.TextureAtlas/]: Created: 2048x1024x4 minecraft:textures/atlas/armor_trims.png-atlas
[257月2025 18:45:16.413] [Render thread/INFO] [net.minecraft.client.renderer.texture.TextureAtlas/]: Created: 128x64x4 minecraft:textures/atlas/decorated_pot.png-atlas
[257月2025 18:45:16.413] [Render thread/INFO] [net.minecraft.client.renderer.texture.TextureAtlas/]: Created: 256x256x4 minecraft:textures/atlas/chest.png-atlas
[257月2025 18:45:16.413] [Render thread/INFO] [net.minecraft.client.renderer.texture.TextureAtlas/]: Created: 512x256x4 minecraft:textures/atlas/shulker_boxes.png-atlas
[257月2025 18:45:16.414] [Render thread/INFO] [net.minecraft.client.renderer.texture.TextureAtlas/]: Created: 512x256x4 minecraft:textures/atlas/beds.png-atlas
[257月2025 18:45:16.416] [Render thread/INFO] [net.minecraft.client.renderer.texture.TextureAtlas/]: Created: 64x64x0 minecraft:textures/atlas/map_decorations.png-atlas
[257月2025 18:45:16.471] [Download-3/INFO] [com.mojang.realmsclient.client.RealmsClient/]: Could not authorize you against Realms server: java.lang.RuntimeException: Failed to parse into SignedJWT: --clientId
[257月2025 18:45:16.472] [Download-3/ERROR] [com.mojang.realmsclient.client.RealmsClient/]: Failed to fetch Realms feature flags
com.mojang.realmsclient.exception.RealmsServiceException: Realms authentication error with message 'java.lang.RuntimeException: Failed to parse into SignedJWT: --clientId'
	at TRANSFORMER/minecraft@1.21.8/com.mojang.realmsclient.client.RealmsClient.execute(RealmsClient.java:524) ~[client-1.21.8-20250717.133445-srg.jar%23209!/:?]
	at TRANSFORMER/minecraft@1.21.8/com.mojang.realmsclient.client.RealmsClient.fetchFeatureFlags(RealmsClient.java:165) [client-1.21.8-20250717.133445-srg.jar%23209!/:?]
	at java.base/java.util.concurrent.CompletableFuture$AsyncSupply.run(CompletableFuture.java:1814) [?:?]
	at java.base/java.util.concurrent.ThreadPoolExecutor.runWorker(ThreadPoolExecutor.java:1095) [?:?]
	at java.base/java.util.concurrent.ThreadPoolExecutor$Worker.run(ThreadPoolExecutor.java:619) [?:?]
	at java.base/java.lang.Thread.run(Thread.java:1447) [?:?]
[257月2025 18:45:16.497] [Render thread/INFO] [net.minecraft.client.renderer.texture.TextureAtlas/]: Created: 512x256x0 minecraft:textures/atlas/particles.png-atlas
[257月2025 18:45:16.498] [Render thread/INFO] [net.minecraft.client.renderer.texture.TextureAtlas/]: Created: 512x256x0 minecraft:textures/atlas/paintings.png-atlas
[257月2025 18:45:16.498] [Render thread/INFO] [net.minecraft.client.renderer.texture.TextureAtlas/]: Created: 1024x512x0 minecraft:textures/atlas/gui.png-atlas
[257月2025 18:45:16.501] [Render thread/INFO] [net.neoforged.neoforge.client.entity.animation.json.AnimationLoader/]: Loaded 0 entity animations
[257月2025 18:45:16.918] [IO-Worker-1/INFO] [com.mojang.realmsclient.client.RealmsClient/]: Could not authorize you against Realms server: java.lang.RuntimeException: Failed to parse into SignedJWT: --clientId
[257月2025 18:45:16.918] [IO-Worker-1/ERROR] [com.mojang.realmsclient.RealmsAvailability/]: Couldn't connect to realms
com.mojang.realmsclient.exception.RealmsServiceException: Realms authentication error with message 'java.lang.RuntimeException: Failed to parse into SignedJWT: --clientId'
	at TRANSFORMER/minecraft@1.21.8/com.mojang.realmsclient.client.RealmsClient.execute(RealmsClient.java:524) ~[client-1.21.8-20250717.133445-srg.jar%23209!/:?]
	at TRANSFORMER/minecraft@1.21.8/com.mojang.realmsclient.client.RealmsClient.clientCompatible(RealmsClient.java:294) ~[client-1.21.8-20250717.133445-srg.jar%23209!/:?]
	at TRANSFORMER/minecraft@1.21.8/com.mojang.realmsclient.RealmsAvailability.lambda$check$0(RealmsAvailability.java:49) [client-1.21.8-20250717.133445-srg.jar%23209!/:?]
	at java.base/java.util.concurrent.CompletableFuture$AsyncSupply.run(CompletableFuture.java:1814) [?:?]
	at java.base/java.util.concurrent.ThreadPoolExecutor.runWorker(ThreadPoolExecutor.java:1095) [?:?]
	at java.base/java.util.concurrent.ThreadPoolExecutor$Worker.run(ThreadPoolExecutor.java:619) [?:?]
	at java.base/java.lang.Thread.run(Thread.java:1447) [?:?]
[257月2025 18:45:19.801] [Render thread/INFO] [net.minecraft.client.Minecraft/]: Stopping!
